# JRE version: Java(TM) SE Runtime Environment (8.0_45-b14) (build 1.8.0_45-b14)
# Java VM: Java HotSpot(TM) Client VM (25.45-b02 mixed mode windows-x86 )
Heap:
 def new generation   total 39424K, used 8011K [0x02e00000, 0x058c0000, 0x0d8a0000)
  eden space 35072K,  13% used [0x02e00000, 0x032c08f0, 0x05040000)
  from space 4352K,  72% used [0x05480000, 0x05792610, 0x058c0000)
  to   space 4352K,   0% used [0x05040000, 0x05040000, 0x05480000)
 tenured generation   total 87424K, used 14429K [0x0d8a0000, 0x12e00000, 0x22e00000)
   the space 87424K,  16% used [0x0d8a0000, 0x0e6b7500, 0x0e6b7600, 0x12e00000)
 Metaspace       used 15221K, capacity 15527K, committed 15616K, reserved 15744K
GC Heap History (8 events):
Event: 9.259 GC heap before
{Heap before GC invocations=0 (full 0):
 def new generation   total 39296K, used 34944K [0x02e00000, 0x058a0000, 0x0d8a0000)
  eden space 34944K, 100% used [0x02e00000, 0x05020000, 0x05020000)
  from space 4352K,   0% used [0x05020000, 0x05020000, 0x05460000)
  to   space 4352K,   0% used [0x05460000, 0x05460000, 0x058a0000)
 tenured generation   total 87424K, used 0K [0x0d8a0000, 0x12e00000, 0x22e00000)
   the space 87424K,   0% used [0x0d8a0000, 0x0d8a0000, 0x0d8a0200, 0x12e00000)
 Metaspace       used 8826K, capacity 9015K, committed 9088K, reserved 9600K
Event: 9.280 GC heap after
Heap after GC invocations=1 (full 0):
 def new generation   total 39296K, used 4352K [0x02e00000, 0x058a0000, 0x0d8a0000)
  eden space 34944K,   0% used [0x02e00000, 0x02e00000, 0x05020000)
  from space 4352K, 100% used [0x05460000, 0x058a0000, 0x058a0000)
  to   space 4352K,   0% used [0x05020000, 0x05020000, 0x05460000)
 tenured generation   total 87424K, used 2804K [0x0d8a0000, 0x12e00000, 0x22e00000)
   the space 87424K,   3% used [0x0d8a0000, 0x0db5d030, 0x0db5d200, 0x12e00000)
 Metaspace       used 8826K, capacity 9015K, committed 9088K, reserved 9600K
}
Event: 16.960 GC heap before
{Heap before GC invocations=1 (full 0):
 def new generation   total 39296K, used 39296K [0x02e00000, 0x058a0000, 0x0d8a0000)
  eden space 34944K, 100% used [0x02e00000, 0x05020000, 0x05020000)
  from space 4352K, 100% used [0x05460000, 0x058a0000, 0x058a0000)
  to   space 4352K,   0% used [0x05020000, 0x05020000, 0x05460000)
 tenured generation   total 87424K, used 2804K [0x0d8a0000, 0x12e00000, 0x22e00000)
   the space 87424K,   3% used [0x0d8a0000, 0x0db5d030, 0x0db5d200, 0x12e00000)
 Metaspace       used 11893K, capacity 12206K, committed 12288K, reserved 12672K
Event: 16.988 GC heap after
Heap after GC invocations=2 (full 0):
 def new generation   total 39296K, used 4352K [0x02e00000, 0x058a0000, 0x0d8a0000)
  eden space 34944K,   0% used [0x02e00000, 0x02e00000, 0x05020000)
  from space 4352K, 100% used [0x05020000, 0x05460000, 0x05460000)
  to   space 4352K,   0% used [0x05460000, 0x05460000, 0x058a0000)
 tenured generation   total 87424K, used 7696K [0x0d8a0000, 0x12e00000, 0x22e00000)
   the space 87424K,   8% used [0x0d8a0000, 0x0e024270, 0x0e024400, 0x12e00000)
 Metaspace       used 11893K, capacity 12206K, committed 12288K, reserved 12672K
}
Event: 17.083 GC heap before
{Heap before GC invocations=2 (full 0):
 def new generation   total 39296K, used 5383K [0x02e00000, 0x058a0000, 0x0d8a0000)
  eden space 34944K,   2% used [0x02e00000, 0x02f01f50, 0x05020000)
  from space 4352K, 100% used [0x05020000, 0x05460000, 0x05460000)
  to   space 4352K,   0% used [0x05460000, 0x05460000, 0x058a0000)
 tenured generation   total 87424K, used 7696K [0x0d8a0000, 0x12e00000, 0x22e00000)
   the space 87424K,   8% used [0x0d8a0000, 0x0e024270, 0x0e024400, 0x12e00000)
 Metaspace       used 11985K, capacity 12270K, committed 12288K, reserved 12672K
Event: 17.120 GC heap after
Heap after GC invocations=3 (full 1):
 def new generation   total 39424K, used 0K [0x02e00000, 0x058c0000, 0x0d8a0000)
  eden space 35072K,   0% used [0x02e00000, 0x02e00000, 0x05040000)
  from space 4352K,   0% used [0x05040000, 0x05040000, 0x05480000)
  to   space 4352K,   0% used [0x05480000, 0x05480000, 0x058c0000)
 tenured generation   total 87424K, used 10630K [0x0d8a0000, 0x12e00000, 0x22e00000)
   the space 87424K,  12% used [0x0d8a0000, 0x0e301830, 0x0e301a00, 0x12e00000)
 Metaspace       used 11985K, capacity 12270K, committed 12288K, reserved 12672K
}
Event: 122.592 GC heap before
{Heap before GC invocations=3 (full 1):
 def new generation   total 39424K, used 35072K [0x02e00000, 0x058c0000, 0x0d8a0000)
  eden space 35072K, 100% used [0x02e00000, 0x05040000, 0x05040000)
  from space 4352K,   0% used [0x05040000, 0x05040000, 0x05480000)
  to   space 4352K,   0% used [0x05480000, 0x05480000, 0x058c0000)
 tenured generation   total 87424K, used 10630K [0x0d8a0000, 0x12e00000, 0x22e00000)
   the space 87424K,  12% used [0x0d8a0000, 0x0e301830, 0x0e301a00, 0x12e00000)
 Metaspace       used 15221K, capacity 15527K, committed 15616K, reserved 15744K
Event: 122.609 GC heap after
Heap after GC invocations=4 (full 1):
 def new generation   total 39424K, used 3145K [0x02e00000, 0x058c0000, 0x0d8a0000)
  eden space 35072K,   0% used [0x02e00000, 0x02e00000, 0x05040000)
  from space 4352K,  72% used [0x05480000, 0x05792610, 0x058c0000)
  to   space 4352K,   0% used [0x05040000, 0x05040000, 0x05480000)
 tenured generation   total 87424K, used 14429K [0x0d8a0000, 0x12e00000, 0x22e00000)
   the space 87424K,  16% used [0x0d8a0000, 0x0e6b7500, 0x0e6b7600, 0x12e00000)
 Metaspace       used 15221K, capacity 15527K, committed 15616K, reserved 15744K
}

